<?xml version="1.0" encoding="UTF-8"?>
<!-- Generated by org.testng.reporters.JUnitReportReporter -->
<testsuite name="com.planittesting.automation.SeleniumGitJenkinsProject.tests.LoginTestSuite" tests="1" time="12.988" ignored="0" failures="0" timestamp="20 Feb 2018 04:57:07 GMT" skipped="0" hostname="VICMELBLP138" errors="0">
  <testcase name="signInSuccessful" time="12.988" classname="com.planittesting.automation.SeleniumGitJenkinsProject.tests.LoginTestSuite"/>
</testsuite> <!-- com.planittesting.automation.SeleniumGitJenkinsProject.tests.LoginTestSuite -->
