<?xml version="1.0" encoding="UTF-8"?>
<!-- Generated by org.testng.reporters.JUnitReportReporter -->
<testsuite name="com.planittesting.automation.SeleniumGitJenkinsProject.tests.DemoTest" tests="1" time="0.034" ignored="0" failures="0" timestamp="19 Feb 2018 23:39:54 GMT" skipped="0" hostname="VICMELBLP138" errors="0">
  <testcase name="mytest" time="0.034" classname="com.planittesting.automation.SeleniumGitJenkinsProject.tests.DemoTest"/>
</testsuite> <!-- com.planittesting.automation.SeleniumGitJenkinsProject.tests.DemoTest -->
